2024-09-05 19:21:56 INFO  [OdontologoController] Registrando nuevo odontólogo: com.example.clinicaOdontologica.entity.Odontologo@3a6a2492
2024-09-05 19:21:56 INFO  [OdontologoController] Odontólogo registrado con éxito: com.example.clinicaOdontologica.entity.Odontologo@3a6a2492
2024-09-05 19:22:39 INFO  [OdontologoController] Buscando todos los odontólogos.
2024-09-05 19:22:39 INFO  [OdontologoController] Se encontraron 1 odontólogos.
2024-09-05 19:22:51 INFO  [OdontologoController] Buscando odontólogo con ID: 1
2024-09-05 19:22:51 INFO  [OdontologoController] Odontólogo encontrado: com.example.clinicaOdontologica.entity.Odontologo@cd23da6
2024-09-05 19:23:10 INFO  [OdontologoController] Buscando odontólogo con nombre: Valeria
2024-09-05 19:23:10 INFO  [OdontologoController] Odontólogo encontrado: 
2024-09-05 19:24:52 INFO  [OdontologoController] Buscando odontólogo con nombre: Valeria
2024-09-05 19:24:52 INFO  [OdontologoController] Odontólogo encontrado: 
2024-09-05 19:26:17 INFO  [OdontologoController] Buscando odontólogo con nombre: Valeria
2024-09-05 19:26:17 INFO  [OdontologoController] Odontólogo encontrado: 
2024-09-05 19:26:40 INFO  [OdontologoController] Eliminando odontólogo con id: 15
2024-09-05 19:26:40 WARN  [OdontologoController] Odontólogo con ID 15 no encontrado.
2024-09-05 19:27:02 INFO  [OdontologoController] Buscando odontólogo con ID: 4
2024-09-05 19:27:02 WARN  [OdontologoController] No se encontró un odontólogo con ID: 4

2024-09-10 20:59:30 INFO  [DatosIniciales] usuario cargado con exito
2024-09-10 20:59:30 INFO  [DatosIniciales] usuario2 cargado con exito
2024-09-10 21:06:28 INFO  [DatosIniciales] usuario cargado con exito
2024-09-10 21:06:28 INFO  [DatosIniciales] usuario2 cargado con exito
2024-09-11 08:53:36 INFO  [DatosIniciales] usuario cargado con exito
2024-09-11 08:53:36 INFO  [DatosIniciales] usuario2 cargado con exito
2024-09-11 08:55:51 INFO  [DatosIniciales] usuario cargado con exito
2024-09-11 08:55:52 INFO  [DatosIniciales] usuario2 cargado con exito
2024-09-11 09:03:45 INFO  [DatosIniciales] usuario cargado con exito
2024-09-11 09:03:45 INFO  [DatosIniciales] usuario2 cargado con exito
2024-09-11 09:05:49 INFO  [DatosIniciales] usuario cargado con exito
2024-09-11 09:05:49 INFO  [DatosIniciales] usuario2 cargado con exito
2024-09-11 11:02:14 INFO  [DatosIniciales] usuario cargado con exito
2024-09-11 11:02:14 INFO  [DatosIniciales] usuario2 cargado con exito
2024-09-11 11:05:34 INFO  [DatosIniciales] usuario cargado con exito
2024-09-11 11:05:34 INFO  [DatosIniciales] usuario2 cargado con exito
2024-09-11 11:15:02 INFO  [DatosIniciales] usuario cargado con exito
2024-09-11 11:15:02 INFO  [DatosIniciales] usuario2 cargado con exito
2024-09-11 11:16:50 INFO  [DatosIniciales] usuario cargado con exito
2024-09-11 11:16:50 INFO  [DatosIniciales] usuario2 cargado con exito
2024-09-11 10:40:42 INFO  [DatosIniciales] Usuario cargado con éxito
2024-09-11 11:02:35 INFO  [DatosIniciales] Usuario cargado con éxito
2024-09-11 12:17:35 INFO  [DatosIniciales] Usuario cargado con éxito
2024-09-11 12:33:07 INFO  [DatosIniciales] Usuario cargado con éxito
2024-09-11 12:39:24 INFO  [DatosIniciales] Usuario cargado con éxito
2024-09-11 12:44:06 INFO  [DatosIniciales] Usuario cargado con éxito
2024-09-11 12:45:11 INFO  [OdontologoController] Buscando todos los odontólogos.
2024-09-11 12:45:11 INFO  [OdontologoController] Se encontraron 0 odontólogos.
2024-09-11 12:46:54 INFO  [DatosIniciales] Usuario cargado con éxito
2024-09-11 12:48:15 INFO  [OdontologoController] Registrando nuevo odontólogo: com.example.clinicaOdontologica.entity.Odontologo@40482174
2024-09-11 12:48:15 INFO  [OdontologoController] Odontólogo registrado con éxito: com.example.clinicaOdontologica.entity.Odontologo@40482174
2024-09-11 12:48:30 INFO  [OdontologoController] Buscando todos los odontólogos.
2024-09-11 12:48:30 INFO  [OdontologoController] Se encontraron 1 odontólogos.
2024-09-11 21:05:40 INFO  [DatosIniciales] Usuario cargado con éxito
2024-09-11 22:18:56 INFO  [OdontologoController] Buscando todos los odontólogos.
2024-09-11 22:18:56 INFO  [OdontologoController] Se encontraron 0 odontólogos.
2024-09-11 22:19:10 INFO  [OdontologoController] Buscando todos los odontólogos.
2024-09-11 22:19:10 INFO  [OdontologoController] Se encontraron 0 odontólogos.
2024-09-12 00:04:59 INFO  [OdontologoController] Registrando nuevo odontólogo: com.example.clinicaOdontologica.entity.Odontologo@20315fea
2024-09-12 00:04:59 INFO  [OdontologoController] Odontólogo registrado con éxito: com.example.clinicaOdontologica.entity.Odontologo@20315fea
2024-09-12 00:05:15 INFO  [OdontologoController] Buscando todos los odontólogos.
2024-09-12 00:05:15 INFO  [OdontologoController] Se encontraron 1 odontólogos.
2024-09-12 09:53:41 INFO  [DatosIniciales] Usuario cargado con éxito
2024-09-12 09:57:22 INFO  [OdontologoController] Buscando todos los odontólogos.
2024-09-12 09:57:22 INFO  [OdontologoController] Se encontraron 0 odontólogos.
2024-09-12 09:58:07 INFO  [DatosIniciales] Usuario cargado con éxito
2024-09-12 10:06:03 INFO  [OdontologoController] Registrando nuevo odontólogo: com.example.clinicaOdontologica.entity.Odontologo@719763f4
2024-09-12 10:06:03 INFO  [OdontologoController] Odontólogo registrado con éxito: com.example.clinicaOdontologica.entity.Odontologo@719763f4
2024-09-12 10:06:17 INFO  [OdontologoController] Buscando todos los odontólogos.
2024-09-12 10:06:17 INFO  [OdontologoController] Se encontraron 1 odontólogos.
2024-09-12 10:06:23 INFO  [OdontologoController] Eliminando odontólogo con id: 1
2024-09-12 10:06:23 INFO  [OdontologoController] Odontólogo con ID 1 eliminado con éxito.
2024-09-12 10:11:21 INFO  [OdontologoController] Buscando todos los odontólogos.
2024-09-12 10:11:21 INFO  [OdontologoController] Se encontraron 0 odontólogos.
2024-09-12 17:07:38 INFO  [DatosIniciales] Usuario cargado con éxito
2024-09-12 20:29:47 INFO  [DatosIniciales] Usuario cargado con éxito
2024-09-13 18:03:12 INFO  [DatosIniciales] Usuario cargado con éxito
2024-09-12 13:07:18 INFO  [DatosIniciales] Usuario cargado con éxito
2024-09-12 20:50:12 INFO  [DatosIniciales] Usuario cargado con éxito
2024-09-12 20:50:14 INFO  [TurnoController] Buscando todos los turnos.
2024-09-12 20:50:14 INFO  [TurnoController] Se encontraron 2 turnos.
2024-09-12 20:57:03 INFO  [DatosIniciales] Usuario cargado con éxito
2024-09-12 20:57:04 INFO  [OdontologoController] Registrando nuevo odontólogo: com.example.clinicaOdontologica.entity.Odontologo@2db27b46
2024-09-12 20:57:04 INFO  [OdontologoController] Odontólogo registrado con éxito: com.example.clinicaOdontologica.entity.Odontologo@2db27b46
2024-09-12 21:00:34 INFO  [DatosIniciales] Usuario cargado con éxito
2024-09-12 21:04:44 INFO  [DatosIniciales] Usuario cargado con éxito
2024-09-12 21:08:56 INFO  [DatosIniciales] Usuario cargado con éxito
2024-09-12 21:19:07 INFO  [DatosIniciales] Usuario cargado con éxito
2024-09-12 21:25:10 INFO  [DatosIniciales] Usuario cargado con éxito
2024-09-12 21:25:12 INFO  [OdontologoController] Registrando nuevo odontólogo: com.example.clinicaOdontologica.entity.Odontologo@21cb907d
2024-09-12 21:25:12 INFO  [OdontologoController] Odontólogo registrado con éxito: com.example.clinicaOdontologica.entity.Odontologo@21cb907d
2024-09-12 21:27:58 INFO  [DatosIniciales] Usuario cargado con éxito
2024-09-12 21:27:59 INFO  [TurnoController] Buscando todos los turnos.
2024-09-12 21:27:59 INFO  [TurnoController] Se encontraron 2 turnos.
2024-09-12 21:29:38 INFO  [DatosIniciales] Usuario cargado con éxito

2024-09-13 18:48:54 INFO  [DatosIniciales] Usuario cargado con éxito
2024-09-13 18:52:04 INFO  [OdontologoController] Registrando nuevo odontólogo: com.example.clinicaOdontologica.entity.Odontologo@5a36febb
2024-09-13 18:52:04 INFO  [OdontologoController] Odontólogo registrado con éxito: com.example.clinicaOdontologica.entity.Odontologo@5a36febb
2024-09-13 18:52:17 INFO  [OdontologoController] Buscando todos los odontólogos.
2024-09-13 18:52:17 INFO  [OdontologoController] Se encontraron 1 odontólogos.
2024-09-13 18:53:22 INFO  [OdontologoController] Actualizando odontólogo con ID: 1
2024-09-13 18:53:22 INFO  [OdontologoController] Odontólogo actualizado exitosamente: com.example.clinicaOdontologica.entity.Odontologo@20a85381
2024-09-13 18:53:46 INFO  [OdontologoController] Buscando todos los odontólogos.
2024-09-13 18:53:46 INFO  [OdontologoController] Se encontraron 1 odontólogos.
2024-09-13 18:53:52 INFO  [OdontologoController] Eliminando odontólogo con id: 1
2024-09-13 18:53:52 INFO  [OdontologoController] Odontólogo con ID 1 eliminado con éxito.
2024-09-13 18:54:44 INFO  [OdontologoController] Eliminando odontólogo con id: 1
2024-09-13 18:54:44 WARN  [OdontologoController] Odontólogo con ID 1 no encontrado.
2024-09-13 18:55:17 INFO  [OdontologoController] Buscando todos los odontólogos.
2024-09-13 18:55:17 INFO  [OdontologoController] Se encontraron 0 odontólogos.
2024-09-13 19:02:14 INFO  [OdontologoController] Registrando nuevo odontólogo: com.example.clinicaOdontologica.entity.Odontologo@46e49731
2024-09-13 19:02:14 INFO  [OdontologoController] Odontólogo registrado con éxito: com.example.clinicaOdontologica.entity.Odontologo@46e49731
2024-09-13 19:02:26 INFO  [OdontologoController] Buscando todos los odontólogos.
2024-09-13 19:02:26 INFO  [OdontologoController] Se encontraron 1 odontólogos.
2024-09-13 19:03:35 INFO  [OdontologoController] Eliminando odontólogo con id: 2
2024-09-13 19:03:35 INFO  [OdontologoController] Odontólogo con ID 2 eliminado con éxito.
2024-09-13 19:22:41 INFO  [DatosIniciales] Usuario cargado con éxito
2024-09-13 19:23:29 INFO  [OdontologoController] Registrando nuevo odontólogo: com.example.clinicaOdontologica.entity.Odontologo@1540e6a9
2024-09-13 19:23:29 INFO  [OdontologoController] Odontólogo registrado con éxito: com.example.clinicaOdontologica.entity.Odontologo@1540e6a9
2024-09-13 19:23:42 INFO  [OdontologoController] Buscando todos los odontólogos.
2024-09-13 19:23:42 INFO  [OdontologoController] Se encontraron 1 odontólogos.
2024-09-13 19:23:51 INFO  [OdontologoController] Eliminando odontólogo con id: 1
2024-09-13 19:23:51 INFO  [OdontologoController] Odontólogo con ID 1 eliminado con éxito.
2024-09-13 20:52:00 INFO  [DatosIniciales] Usuario cargado con éxito
2024-09-13 20:52:52 INFO  [OdontologoController] Registrando nuevo odontólogo: com.example.clinicaOdontologica.entity.Odontologo@1410be13
2024-09-13 20:52:52 INFO  [OdontologoController] Odontólogo registrado con éxito: com.example.clinicaOdontologica.entity.Odontologo@1410be13
2024-09-13 20:53:11 INFO  [OdontologoController] Buscando todos los odontólogos.
2024-09-13 20:53:11 INFO  [OdontologoController] Se encontraron 1 odontólogos.
2024-09-13 20:53:17 INFO  [OdontologoController] Buscando odontólogo con ID: 1
2024-09-13 20:53:17 INFO  [OdontologoController] Odontólogo encontrado: com.example.clinicaOdontologica.entity.Odontologo@3d7be8a8
2024-09-13 20:57:59 INFO  [OdontologoController] Buscando odontólogo con ID: 1
2024-09-13 20:57:59 INFO  [OdontologoController] Odontólogo encontrado: com.example.clinicaOdontologica.entity.Odontologo@72a16524
2024-09-13 23:10:21 INFO  [DatosIniciales] Usuario cargado con éxito
2024-09-13 23:21:13 INFO  [OdontologoController] Registrando nuevo odontólogo: com.example.clinicaOdontologica.entity.Odontologo@6dfa56ab
2024-09-13 23:21:13 INFO  [OdontologoController] Odontólogo registrado con éxito: com.example.clinicaOdontologica.entity.Odontologo@6dfa56ab
2024-09-13 23:21:27 INFO  [OdontologoController] Buscando todos los odontólogos.
2024-09-13 23:21:27 INFO  [OdontologoController] Se encontraron 1 odontólogos.
2024-09-13 23:21:32 INFO  [OdontologoController] Buscando odontólogo con ID: 1
2024-09-13 23:21:32 INFO  [OdontologoController] Odontólogo encontrado: com.example.clinicaOdontologica.entity.Odontologo@721d2a6c
2024-09-13 23:27:39 INFO  [DatosIniciales] Usuario cargado con éxito
2024-09-13 23:28:33 INFO  [OdontologoController] Registrando nuevo odontólogo: com.example.clinicaOdontologica.entity.Odontologo@1a4335c2
2024-09-13 23:28:33 INFO  [OdontologoController] Odontólogo registrado con éxito: com.example.clinicaOdontologica.entity.Odontologo@1a4335c2
2024-09-13 23:28:47 INFO  [OdontologoController] Buscando todos los odontólogos.
2024-09-13 23:28:47 INFO  [OdontologoController] Se encontraron 1 odontólogos.
2024-09-13 23:28:55 INFO  [OdontologoController] Buscando odontólogo con ID: 1
2024-09-13 23:28:55 INFO  [OdontologoController] Odontólogo encontrado: com.example.clinicaOdontologica.entity.Odontologo@3b9fa5d6
2024-09-13 23:31:53 INFO  [DatosIniciales] Usuario cargado con éxito
2024-09-13 23:34:00 INFO  [DatosIniciales] Usuario cargado con éxito
2024-09-13 23:34:59 INFO  [OdontologoController] Buscando todos los odontólogos.
2024-09-13 23:34:59 INFO  [OdontologoController] Se encontraron 0 odontólogos.
2024-09-13 23:35:29 INFO  [OdontologoController] Registrando nuevo odontólogo: com.example.clinicaOdontologica.entity.Odontologo@2c51dd83
2024-09-13 23:35:29 INFO  [OdontologoController] Odontólogo registrado con éxito: com.example.clinicaOdontologica.entity.Odontologo@2c51dd83
2024-09-13 23:35:43 INFO  [OdontologoController] Buscando todos los odontólogos.
2024-09-13 23:35:43 INFO  [OdontologoController] Se encontraron 1 odontólogos.
2024-09-13 23:35:52 INFO  [OdontologoController] Buscando odontólogo con ID: 1
2024-09-13 23:35:52 INFO  [OdontologoController] Odontólogo encontrado: com.example.clinicaOdontologica.entity.Odontologo@640429f1
2024-09-13 23:38:59 INFO  [DatosIniciales] Usuario cargado con éxito
2024-09-13 23:40:52 INFO  [OdontologoController] Registrando nuevo odontólogo: com.example.clinicaOdontologica.entity.Odontologo@cca3b0b
2024-09-13 23:40:52 INFO  [OdontologoController] Odontólogo registrado con éxito: com.example.clinicaOdontologica.entity.Odontologo@cca3b0b
2024-09-13 23:41:06 INFO  [OdontologoController] Buscando todos los odontólogos.
2024-09-13 23:41:06 INFO  [OdontologoController] Se encontraron 1 odontólogos.
2024-09-13 23:41:16 INFO  [OdontologoController] Buscando odontólogo con ID: 1
2024-09-13 23:41:16 INFO  [OdontologoController] Odontólogo encontrado: com.example.clinicaOdontologica.entity.Odontologo@2be8942d
2024-09-13 23:46:24 INFO  [DatosIniciales] Usuario cargado con éxito
2024-09-13 23:47:24 INFO  [OdontologoController] Registrando nuevo odontólogo: com.example.clinicaOdontologica.entity.Odontologo@64899b3e
2024-09-13 23:47:24 INFO  [OdontologoController] Odontólogo registrado con éxito: com.example.clinicaOdontologica.entity.Odontologo@64899b3e
2024-09-13 23:47:37 INFO  [OdontologoController] Buscando todos los odontólogos.
2024-09-13 23:47:37 INFO  [OdontologoController] Se encontraron 1 odontólogos.
2024-09-13 23:48:35 INFO  [DatosIniciales] Usuario cargado con éxito
2024-09-13 23:56:30 INFO  [OdontologoController] Registrando nuevo odontólogo: com.example.clinicaOdontologica.entity.Odontologo@7490658b
2024-09-13 23:56:30 INFO  [OdontologoController] Odontólogo registrado con éxito: com.example.clinicaOdontologica.entity.Odontologo@7490658b
2024-09-13 23:56:44 INFO  [OdontologoController] Buscando todos los odontólogos.
2024-09-13 23:56:44 INFO  [OdontologoController] Se encontraron 1 odontólogos.
2024-09-14 00:03:57 INFO  [DatosIniciales] Usuario cargado con éxito
2024-09-14 00:06:09 INFO  [OdontologoController] Registrando nuevo odontólogo: com.example.clinicaOdontologica.entity.Odontologo@1a4335c2
2024-09-14 00:06:09 INFO  [OdontologoController] Odontólogo registrado con éxito: com.example.clinicaOdontologica.entity.Odontologo@1a4335c2
2024-09-14 00:06:25 INFO  [OdontologoController] Buscando todos los odontólogos.
2024-09-14 00:06:25 INFO  [OdontologoController] Se encontraron 1 odontólogos.
2024-09-14 00:06:30 INFO  [OdontologoController] Buscando odontólogo con ID: 1
2024-09-14 00:06:30 INFO  [OdontologoController] Odontólogo encontrado: com.example.clinicaOdontologica.entity.Odontologo@44b14e48
2024-09-14 00:10:33 INFO  [OdontologoController] Eliminando odontólogo con id: 1
2024-09-14 00:10:33 INFO  [OdontologoController] Odontólogo con ID 1 eliminado con éxito.
2024-09-14 00:13:20 INFO  [DatosIniciales] Usuario cargado con éxito
2024-09-14 00:16:40 INFO  [OdontologoController] Registrando nuevo odontólogo: com.example.clinicaOdontologica.entity.Odontologo@17653e18
2024-09-14 00:16:40 INFO  [OdontologoController] Odontólogo registrado con éxito: com.example.clinicaOdontologica.entity.Odontologo@17653e18
2024-09-14 00:16:53 INFO  [OdontologoController] Buscando todos los odontólogos.
2024-09-14 00:16:53 INFO  [OdontologoController] Se encontraron 1 odontólogos.
2024-09-14 00:16:59 INFO  [OdontologoController] Buscando odontólogo con ID: 1
2024-09-14 00:16:59 INFO  [OdontologoController] Odontólogo encontrado: com.example.clinicaOdontologica.entity.Odontologo@23e54791
2024-09-14 00:19:42 INFO  [DatosIniciales] Usuario cargado con éxito
2024-09-14 00:22:50 INFO  [OdontologoController] Registrando nuevo odontólogo: com.example.clinicaOdontologica.entity.Odontologo@145b09db
2024-09-14 00:22:50 INFO  [OdontologoController] Odontólogo registrado con éxito: com.example.clinicaOdontologica.entity.Odontologo@145b09db
2024-09-14 00:23:04 INFO  [OdontologoController] Buscando todos los odontólogos.
2024-09-14 00:23:04 INFO  [OdontologoController] Se encontraron 1 odontólogos.
2024-09-14 00:23:08 INFO  [OdontologoController] Buscando odontólogo con ID: 1
2024-09-14 00:23:08 INFO  [OdontologoController] Odontólogo encontrado: com.example.clinicaOdontologica.entity.Odontologo@356f9f97
2024-09-14 00:24:36 INFO  [OdontologoController] Buscando todos los odontólogos.
2024-09-14 00:24:36 INFO  [OdontologoController] Se encontraron 1 odontólogos.
2024-09-14 00:24:49 INFO  [OdontologoController] Eliminando odontólogo con id: 1
2024-09-14 00:24:49 INFO  [OdontologoController] Odontólogo con ID 1 eliminado con éxito.
2024-09-14 00:28:55 INFO  [DatosIniciales] Usuario cargado con éxito
2024-09-14 00:30:28 INFO  [OdontologoController] Registrando nuevo odontólogo: com.example.clinicaOdontologica.entity.Odontologo@7490658b
2024-09-14 00:30:28 INFO  [OdontologoController] Odontólogo registrado con éxito: com.example.clinicaOdontologica.entity.Odontologo@7490658b
2024-09-14 00:30:42 INFO  [OdontologoController] Buscando todos los odontólogos.
2024-09-14 00:30:42 INFO  [OdontologoController] Se encontraron 1 odontólogos.
2024-09-14 00:30:47 INFO  [OdontologoController] Buscando odontólogo con ID: 1
2024-09-14 00:30:47 INFO  [OdontologoController] Odontólogo encontrado: com.example.clinicaOdontologica.entity.Odontologo@3fd8a196
2024-09-14 00:39:29 INFO  [OdontologoController] Buscando todos los odontólogos.
2024-09-14 00:39:29 INFO  [OdontologoController] Se encontraron 1 odontólogos.
2024-09-14 00:43:07 INFO  [DatosIniciales] Usuario cargado con éxito
2024-09-14 00:44:40 INFO  [OdontologoController] Buscando todos los odontólogos.
2024-09-14 00:44:40 INFO  [OdontologoController] Se encontraron 0 odontólogos.
2024-09-14 00:45:14 INFO  [OdontologoController] Registrando nuevo odontólogo: com.example.clinicaOdontologica.entity.Odontologo@182d00f6
2024-09-14 00:45:14 INFO  [OdontologoController] Odontólogo registrado con éxito: com.example.clinicaOdontologica.entity.Odontologo@182d00f6
2024-09-14 00:45:46 INFO  [OdontologoController] Buscando todos los odontólogos.
2024-09-14 00:45:46 INFO  [OdontologoController] Se encontraron 1 odontólogos.
2024-09-14 00:46:18 INFO  [OdontologoController] Actualizando odontólogo con ID: 1
2024-09-14 00:46:18 INFO  [OdontologoController] Odontólogo actualizado exitosamente: com.example.clinicaOdontologica.entity.Odontologo@2ff519c4
2024-09-14 00:46:42 INFO  [OdontologoController] Buscando todos los odontólogos.
2024-09-14 00:46:42 INFO  [OdontologoController] Se encontraron 1 odontólogos.
2024-09-14 00:52:33 INFO  [DatosIniciales] Usuario cargado con éxito
2024-09-14 00:53:31 INFO  [OdontologoController] Registrando nuevo odontólogo: com.example.clinicaOdontologica.entity.Odontologo@38f03fc8
2024-09-14 00:53:31 INFO  [OdontologoController] Odontólogo registrado con éxito: com.example.clinicaOdontologica.entity.Odontologo@38f03fc8
2024-09-14 00:54:00 INFO  [OdontologoController] Buscando todos los odontólogos.
2024-09-14 00:54:00 INFO  [OdontologoController] Se encontraron 1 odontólogos.
2024-09-14 01:05:25 INFO  [DatosIniciales] Usuario cargado con éxito
2024-09-14 01:06:06 INFO  [OdontologoController] Buscando todos los odontólogos.
2024-09-14 01:06:06 INFO  [OdontologoController] Se encontraron 0 odontólogos.
2024-09-14 01:06:34 INFO  [OdontologoController] Registrando nuevo odontólogo: com.example.clinicaOdontologica.entity.Odontologo@4cd2a4ed
2024-09-14 01:06:34 INFO  [OdontologoController] Odontólogo registrado con éxito: com.example.clinicaOdontologica.entity.Odontologo@4cd2a4ed
2024-09-14 01:06:48 INFO  [OdontologoController] Buscando todos los odontólogos.
2024-09-14 01:06:48 INFO  [OdontologoController] Se encontraron 1 odontólogos.
2024-09-14 01:07:06 INFO  [OdontologoController] Buscando odontólogo con ID: 1
2024-09-14 01:07:06 INFO  [OdontologoController] Odontólogo encontrado: com.example.clinicaOdontologica.entity.Odontologo@3c2e944
2024-09-14 01:07:20 INFO  [OdontologoController] Actualizando odontólogo con ID: 1
2024-09-14 01:07:20 INFO  [OdontologoController] Odontólogo actualizado exitosamente: com.example.clinicaOdontologica.entity.Odontologo@6901554
2024-09-14 01:07:44 INFO  [OdontologoController] Buscando todos los odontólogos.
2024-09-14 01:07:44 INFO  [OdontologoController] Se encontraron 1 odontólogos.
2024-09-14 01:09:48 INFO  [DatosIniciales] Usuario cargado con éxito
2024-09-14 01:11:22 INFO  [OdontologoController] Registrando nuevo odontólogo: com.example.clinicaOdontologica.entity.Odontologo@6c6583d5
2024-09-14 01:11:22 INFO  [OdontologoController] Odontólogo registrado con éxito: com.example.clinicaOdontologica.entity.Odontologo@6c6583d5
2024-09-14 01:11:37 INFO  [OdontologoController] Buscando todos los odontólogos.
2024-09-14 01:11:37 INFO  [OdontologoController] Buscando odontólogo con ID: 1
2024-09-14 01:11:37 INFO  [OdontologoController] Se encontraron 1 odontólogos.
2024-09-14 01:11:37 INFO  [OdontologoController] Odontólogo encontrado: com.example.clinicaOdontologica.entity.Odontologo@6105eba1
2024-09-14 01:23:00 INFO  [DatosIniciales] Usuario cargado con éxito
2024-09-14 01:24:14 INFO  [OdontologoController] Registrando nuevo odontólogo: com.example.clinicaOdontologica.entity.Odontologo@73698652
2024-09-14 01:24:14 INFO  [OdontologoController] Odontólogo registrado con éxito: com.example.clinicaOdontologica.entity.Odontologo@73698652
2024-09-14 01:24:28 INFO  [OdontologoController] Buscando todos los odontólogos.
2024-09-14 01:24:28 INFO  [OdontologoController] Buscando odontólogo con ID: 1
2024-09-14 01:24:28 INFO  [OdontologoController] Se encontraron 1 odontólogos.
2024-09-14 01:24:28 INFO  [OdontologoController] Odontólogo encontrado: com.example.clinicaOdontologica.entity.Odontologo@5abbe7d4
2024-09-14 01:29:18 INFO  [DatosIniciales] Usuario cargado con éxito
2024-09-14 01:30:18 INFO  [OdontologoController] Registrando nuevo odontólogo: com.example.clinicaOdontologica.entity.Odontologo@145b09db
2024-09-14 01:30:18 INFO  [OdontologoController] Odontólogo registrado con éxito: com.example.clinicaOdontologica.entity.Odontologo@145b09db
2024-09-14 01:30:33 INFO  [OdontologoController] Buscando todos los odontólogos.
2024-09-14 01:30:33 INFO  [OdontologoController] Se encontraron 1 odontólogos.
2024-09-14 01:30:33 INFO  [OdontologoController] Buscando odontólogo con ID: 1
2024-09-14 01:30:33 INFO  [OdontologoController] Odontólogo encontrado: com.example.clinicaOdontologica.entity.Odontologo@356f9f97
2024-09-14 01:30:47 INFO  [OdontologoController] Buscando odontólogo con ID: 1
2024-09-14 01:30:47 INFO  [OdontologoController] Odontólogo encontrado: com.example.clinicaOdontologica.entity.Odontologo@7787ba9a
2024-09-14 01:30:47 INFO  [OdontologoController] Buscando odontólogo con ID: 1
2024-09-14 01:30:47 INFO  [OdontologoController] Odontólogo encontrado: com.example.clinicaOdontologica.entity.Odontologo@4b05db1b
2024-09-14 01:35:21 INFO  [DatosIniciales] Usuario cargado con éxito
2024-09-14 01:36:24 INFO  [OdontologoController] Registrando nuevo odontólogo: com.example.clinicaOdontologica.entity.Odontologo@6c6583d5
2024-09-14 01:36:24 INFO  [OdontologoController] Odontólogo registrado con éxito: com.example.clinicaOdontologica.entity.Odontologo@6c6583d5
2024-09-14 01:36:41 INFO  [OdontologoController] Buscando todos los odontólogos.
2024-09-14 01:36:41 INFO  [OdontologoController] Buscando odontólogo con ID: 1
2024-09-14 01:36:41 INFO  [OdontologoController] Se encontraron 1 odontólogos.
2024-09-14 01:36:41 INFO  [OdontologoController] Odontólogo encontrado: com.example.clinicaOdontologica.entity.Odontologo@6105eba1
2024-09-14 01:36:58 INFO  [OdontologoController] Registrando nuevo odontólogo: com.example.clinicaOdontologica.entity.Odontologo@5c38760d
2024-09-14 01:36:58 INFO  [OdontologoController] Odontólogo registrado con éxito: com.example.clinicaOdontologica.entity.Odontologo@5c38760d
2024-09-14 01:37:12 INFO  [OdontologoController] Buscando todos los odontólogos.
2024-09-14 01:37:12 INFO  [OdontologoController] Buscando odontólogo con ID: 1
2024-09-14 01:37:12 INFO  [OdontologoController] Se encontraron 2 odontólogos.
2024-09-14 01:37:12 INFO  [OdontologoController] Odontólogo encontrado: com.example.clinicaOdontologica.entity.Odontologo@6f67ca62
2024-09-14 01:37:47 INFO  [OdontologoController] Buscando odontólogo con ID: 1
2024-09-14 01:37:47 INFO  [OdontologoController] Odontólogo encontrado: com.example.clinicaOdontologica.entity.Odontologo@328532ae
2024-09-14 01:42:37 INFO  [OdontologoController] Buscando todos los odontólogos.
2024-09-14 01:42:37 INFO  [OdontologoController] Se encontraron 2 odontólogos.
2024-09-14 01:42:37 INFO  [OdontologoController] Buscando odontólogo con ID: 1
2024-09-14 01:42:37 INFO  [OdontologoController] Odontólogo encontrado: com.example.clinicaOdontologica.entity.Odontologo@46ba2da8
2024-09-14 01:46:56 INFO  [DatosIniciales] Usuario cargado con éxito
2024-09-14 01:47:55 INFO  [OdontologoController] Registrando nuevo odontólogo: com.example.clinicaOdontologica.entity.Odontologo@6c6583d5
2024-09-14 01:47:55 INFO  [OdontologoController] Odontólogo registrado con éxito: com.example.clinicaOdontologica.entity.Odontologo@6c6583d5
2024-09-14 01:48:09 INFO  [OdontologoController] Buscando todos los odontólogos.
2024-09-14 01:48:09 INFO  [OdontologoController] Se encontraron 1 odontólogos.
2024-09-14 01:49:00 INFO  [OdontologoController] Buscando odontólogo con ID: 1
2024-09-14 01:49:00 INFO  [OdontologoController] Odontólogo encontrado: com.example.clinicaOdontologica.entity.Odontologo@6105eba1
2024-09-14 01:49:58 INFO  [OdontologoController] Eliminando odontólogo con id: 1
2024-09-14 01:49:58 INFO  [OdontologoController] Odontólogo con ID 1 eliminado con éxito.
2024-09-14 14:34:27 INFO  [DatosIniciales] Usuario cargado con éxito
2024-09-14 14:38:56 INFO  [DatosIniciales] Usuario cargado con éxito
2024-09-14 14:48:53 INFO  [DatosIniciales] Usuario cargado con éxito
2024-09-14 14:51:18 INFO  [DatosIniciales] Usuario cargado con éxito
2024-09-14 15:04:14 INFO  [DatosIniciales] Usuario cargado con éxito
2024-09-14 15:06:03 INFO  [OdontologoController] Registrando nuevo odontólogo: com.example.clinicaOdontologica.entity.Odontologo@731dd497
2024-09-14 15:06:03 INFO  [OdontologoController] Odontólogo registrado con éxito: com.example.clinicaOdontologica.entity.Odontologo@731dd497
2024-09-14 15:06:18 INFO  [OdontologoController] Registrando nuevo odontólogo: com.example.clinicaOdontologica.entity.Odontologo@1b4d3e4c
2024-09-14 15:06:18 INFO  [OdontologoController] Odontólogo registrado con éxito: com.example.clinicaOdontologica.entity.Odontologo@1b4d3e4c
2024-09-14 15:07:43 INFO  [TurnoController] Registrando nuevo turno para Paciente ID 1 y Odontólogo ID 2
2024-09-14 15:07:43 INFO  [TurnoController] Turno registrado con éxito:com.example.clinicaOdontologica.entity.Turno@2220a2de
2024-09-14 15:08:04 INFO  [TurnoController] Buscando todos los turnos.
2024-09-14 15:08:04 INFO  [TurnoController] Se encontraron 1 turnos.
2024-09-14 15:08:53 INFO  [TurnoController] Actualizando turno con ID: 1
2024-09-14 15:08:53 INFO  [TurnoController] Turno actualizado con éxito: com.example.clinicaOdontologica.entity.Turno@20c5cb5e
2024-09-14 15:09:13 INFO  [TurnoController] Buscando todos los turnos.
2024-09-14 15:09:13 INFO  [TurnoController] Se encontraron 1 turnos.
2024-09-14 15:09:46 INFO  [TurnoController] Eliminando turno por ID: 1
2024-09-14 15:09:46 INFO  [TurnoController] Turno con ID 1 eliminado con éxito.
2024-09-14 15:10:16 INFO  [TurnoController] Buscando todos los turnos.
2024-09-14 15:10:16 INFO  [TurnoController] Se encontraron 0 turnos.
2024-09-14 15:11:38 INFO  [OdontologoController] Registrando nuevo odontólogo: com.example.clinicaOdontologica.entity.Odontologo@551db919
2024-09-14 15:12:08 INFO  [OdontologoController] Buscando todos los odontólogos.
2024-09-14 15:12:08 INFO  [OdontologoController] Se encontraron 2 odontólogos.
2024-09-14 15:15:10 INFO  [OdontologoController] Actualizando odontólogo con ID: 1
2024-09-14 15:15:10 INFO  [OdontologoController] Odontólogo actualizado exitosamente: com.example.clinicaOdontologica.entity.Odontologo@2f480ff4
2024-09-14 15:15:36 INFO  [OdontologoController] Buscando todos los odontólogos.
2024-09-14 15:15:36 INFO  [OdontologoController] Se encontraron 2 odontólogos.
2024-09-14 15:16:07 INFO  [OdontologoController] Eliminando odontólogo con id: 2
2024-09-14 15:16:07 INFO  [OdontologoController] Odontólogo con ID 2 eliminado con éxito.
2024-09-14 15:23:49 INFO  [DatosIniciales] Usuario cargado con éxito
2024-09-14 15:33:24 INFO  [DatosIniciales] Usuario cargado con éxito
2024-09-14 15:34:21 INFO  [OdontologoController] Registrando nuevo odontólogo: com.example.clinicaOdontologica.entity.Odontologo@73698652
2024-09-14 15:34:21 INFO  [OdontologoController] Odontólogo registrado con éxito: com.example.clinicaOdontologica.entity.Odontologo@73698652
2024-09-14 15:34:34 INFO  [OdontologoController] Registrando nuevo odontólogo: com.example.clinicaOdontologica.entity.Odontologo@4bb8a2b4
2024-09-14 15:34:50 INFO  [OdontologoController] Buscando todos los odontólogos.
2024-09-14 15:34:50 INFO  [OdontologoController] Se encontraron 1 odontólogos.
2024-09-14 15:43:06 INFO  [DatosIniciales] Usuario cargado con éxito
2024-09-14 15:45:27 INFO  [OdontologoController] Registrando nuevo odontólogo: com.example.clinicaOdontologica.entity.Odontologo@1410be13
2024-09-14 15:45:27 INFO  [OdontologoController] Odontólogo registrado con éxito: com.example.clinicaOdontologica.entity.Odontologo@1410be13
2024-09-14 15:45:46 INFO  [OdontologoController] Registrando nuevo odontólogo: com.example.clinicaOdontologica.entity.Odontologo@46e49731
2024-09-14 15:45:46 INFO  [OdontologoController] Odontólogo registrado con éxito: com.example.clinicaOdontologica.entity.Odontologo@46e49731
2024-09-14 15:46:02 INFO  [OdontologoController] Buscando todos los odontólogos.
2024-09-14 15:46:02 INFO  [OdontologoController] Se encontraron 2 odontólogos.
2024-09-14 15:49:32 INFO  [DatosIniciales] Usuario cargado con éxito
2024-09-14 15:54:39 INFO  [OdontologoController] Registrando nuevo odontólogo: com.example.clinicaOdontologica.entity.Odontologo@25af6eb7
2024-09-14 15:54:39 INFO  [OdontologoController] Odontólogo registrado con éxito: com.example.clinicaOdontologica.entity.Odontologo@25af6eb7
2024-09-14 15:54:55 INFO  [OdontologoController] Registrando nuevo odontólogo: com.example.clinicaOdontologica.entity.Odontologo@30ac9695
2024-09-14 15:54:55 INFO  [OdontologoController] Odontólogo registrado con éxito: com.example.clinicaOdontologica.entity.Odontologo@30ac9695
2024-09-14 15:55:16 INFO  [OdontologoController] Buscando todos los odontólogos.
2024-09-14 15:55:16 INFO  [OdontologoController] Se encontraron 2 odontólogos.
2024-09-14 15:56:49 INFO  [OdontologoController] Actualizando odontólogo con ID: 2
2024-09-14 15:56:49 INFO  [OdontologoController] Odontólogo actualizado exitosamente: com.example.clinicaOdontologica.entity.Odontologo@58a2fbdf
2024-09-14 15:57:14 INFO  [OdontologoController] Buscando todos los odontólogos.
2024-09-14 15:57:14 INFO  [OdontologoController] Se encontraron 2 odontólogos.
2024-09-14 16:00:51 INFO  [TurnoController] Registrando nuevo turno para Paciente ID 1 y Odontólogo ID 2
2024-09-14 16:00:51 INFO  [TurnoController] Turno registrado con éxito:com.example.clinicaOdontologica.entity.Turno@7d8186ca
2024-09-14 16:01:17 INFO  [TurnoController] Buscando todos los turnos.
2024-09-14 16:01:17 INFO  [TurnoController] Se encontraron 1 turnos.
2024-09-14 16:01:33 INFO  [TurnoController] Eliminando turno por ID: 1
2024-09-14 16:01:33 INFO  [TurnoController] Turno con ID 1 eliminado con éxito.
2024-09-14 16:07:33 INFO  [OdontologoController] Buscando todos los odontólogos.
2024-09-14 16:07:33 INFO  [OdontologoController] Se encontraron 2 odontólogos.
2024-09-14 16:07:56 INFO  [OdontologoController] Eliminando odontólogo con id: 1
2024-09-14 16:07:56 INFO  [OdontologoController] Odontólogo con ID 1 eliminado con éxito.
2024-09-14 16:08:01 INFO  [OdontologoController] Eliminando odontólogo con id: 2
2024-09-14 16:08:01 INFO  [OdontologoController] Odontólogo con ID 2 eliminado con éxito.
2024-09-14 16:14:59 INFO  [DatosIniciales] Usuario cargado con éxito
2024-09-14 16:16:54 INFO  [DatosIniciales] Usuario cargado con éxito
2024-09-14 16:19:14 INFO  [DatosIniciales] Usuario cargado con éxito
2024-09-14 16:25:15 INFO  [DatosIniciales] Usuario cargado con éxito
2024-09-14 16:35:46 INFO  [DatosIniciales] Usuario cargado con éxito
2024-09-14 16:37:02 INFO  [DatosIniciales] Usuario cargado con éxito
2024-09-14 16:40:19 INFO  [DatosIniciales] Usuario cargado con éxito
2024-09-14 16:41:59 INFO  [OdontologoController] Buscando todos los odontólogos.
2024-09-14 16:41:59 INFO  [OdontologoController] Se encontraron 0 odontólogos.
2024-09-14 16:42:05 INFO  [TurnoController] Buscando todos los turnos.
2024-09-14 16:42:05 INFO  [TurnoController] Se encontraron 0 turnos.
2024-09-14 16:57:38 INFO  [DatosIniciales] Usuario cargado con éxito
2024-09-14 16:59:30 INFO  [OdontologoController] Registrando nuevo odontólogo: com.example.clinicaOdontologica.entity.Odontologo@731dd497
2024-09-14 16:59:30 INFO  [OdontologoController] Odontólogo registrado con éxito: com.example.clinicaOdontologica.entity.Odontologo@731dd497
2024-09-14 16:59:59 INFO  [OdontologoController] Buscando todos los odontólogos.
2024-09-14 16:59:59 INFO  [OdontologoController] Se encontraron 1 odontólogos.
2024-09-14 17:00:17 INFO  [OdontologoController] Buscando todos los odontólogos.
2024-09-14 17:00:17 INFO  [OdontologoController] Se encontraron 1 odontólogos.
2024-09-14 17:00:19 INFO  [OdontologoController] Eliminando odontólogo con id: 1
2024-09-14 17:00:19 INFO  [OdontologoController] Odontólogo con ID 1 eliminado con éxito.
2024-09-14 17:00:45 INFO  [OdontologoController] Registrando nuevo odontólogo: com.example.clinicaOdontologica.entity.Odontologo@381e0ed5
2024-09-14 17:00:45 INFO  [OdontologoController] Odontólogo registrado con éxito: com.example.clinicaOdontologica.entity.Odontologo@381e0ed5
2024-09-14 17:00:48 INFO  [OdontologoController] Buscando todos los odontólogos.
2024-09-14 17:00:48 INFO  [OdontologoController] Se encontraron 1 odontólogos.
2024-09-14 17:01:18 INFO  [OdontologoController] Actualizando odontólogo con ID: 2
2024-09-14 17:01:18 INFO  [OdontologoController] Odontólogo actualizado exitosamente: com.example.clinicaOdontologica.entity.Odontologo@5cac780b
2024-09-14 17:01:21 INFO  [OdontologoController] Buscando todos los odontólogos.
2024-09-14 17:01:21 INFO  [OdontologoController] Se encontraron 1 odontólogos.
2024-09-14 17:01:55 INFO  [OdontologoController] Buscando todos los odontólogos.
2024-09-14 17:01:55 INFO  [OdontologoController] Se encontraron 1 odontólogos.
2024-09-14 17:02:05 INFO  [TurnoController] Registrando nuevo turno para Paciente ID 2 y Odontólogo ID 2
2024-09-14 17:02:05 INFO  [TurnoController] Turno registrado con éxito:com.example.clinicaOdontologica.entity.Turno@44cabda
2024-09-14 17:02:08 INFO  [TurnoController] Buscando todos los turnos.
2024-09-14 17:02:08 INFO  [TurnoController] Se encontraron 1 turnos.
2024-09-14 17:02:21 INFO  [TurnoController] Actualizando turno con ID: 1
2024-09-14 17:02:21 INFO  [TurnoController] Turno actualizado con éxito: com.example.clinicaOdontologica.entity.Turno@3f281a2e
2024-09-14 17:02:27 INFO  [TurnoController] Buscando todos los turnos.
2024-09-14 17:02:27 INFO  [TurnoController] Se encontraron 1 turnos.
2024-09-14 17:02:30 INFO  [TurnoController] Eliminando turno por ID: 1
2024-09-14 17:02:30 INFO  [TurnoController] Turno con ID 1 eliminado con éxito.
