2024-09-05 20:54:16 INFO  [TurnoController] Buscando todos los turnos.
2024-09-05 20:54:16 INFO  [TurnoController] Se encontraron 0 turnos.
2024-09-05 21:19:13 INFO  [OdontologoController] Buscando todos los odontólogos.
2024-09-05 21:19:13 INFO  [OdontologoController] Se encontraron 0 odontólogos.
2024-09-05 21:19:34 INFO  [OdontologoController] Registrando nuevo odontólogo: com.example.clinicaOdontologica.entity.Odontologo@17b06fe6
2024-09-05 21:19:34 INFO  [OdontologoController] Odontólogo registrado con éxito: com.example.clinicaOdontologica.entity.Odontologo@4c9112eb
2024-09-05 21:19:45 INFO  [OdontologoController] Buscando todos los odontólogos.
2024-09-05 21:19:45 INFO  [OdontologoController] Se encontraron 1 odontólogos.
2024-09-05 21:20:42 INFO  [TurnoController] Buscando todos los turnos.
2024-09-05 21:20:42 INFO  [TurnoController] Se encontraron 0 turnos.
2024-09-05 21:20:53 INFO  [TurnoController] Registrando nuevo turno para Paciente ID 1 y Odontólogo ID 1
2024-09-05 21:20:53 INFO  [TurnoController] Turno registrado con éxito:com.example.clinicaOdontologica.entity.Turno@226c1c69
2024-09-05 21:21:07 INFO  [TurnoController] Registrando nuevo turno para Paciente ID 2 y Odontólogo ID 1
2024-09-05 21:21:07 WARN  [TurnoController] No se encontró el Paciente con ID: 2
2024-09-05 21:21:24 INFO  [TurnoController] Registrando nuevo turno para Paciente ID 2 y Odontólogo ID 2
2024-09-05 21:21:24 WARN  [TurnoController] No se encontró el Paciente con ID: 2
2024-09-05 21:21:52 INFO  [TurnoController] Registrando nuevo turno para Paciente ID 1 y Odontólogo ID 2
2024-09-05 21:21:52 WARN  [TurnoController] No se encontró el Odontólogo con ID: 2
2024-09-05 21:22:13 INFO  [TurnoController] Buscando todos los turnos.
2024-09-05 21:22:13 INFO  [TurnoController] Se encontraron 1 turnos.
2024-09-05 21:25:25 INFO  [TurnoController] Buscando todos los turnos.
2024-09-05 21:25:25 INFO  [TurnoController] Se encontraron 1 turnos.
2024-09-05 21:25:38 INFO  [TurnoController] Eliminando turno por ID: 56
2024-09-11 11:57:01 INFO  [DatosIniciales] usuario cargado con exito
2024-09-11 12:15:21 INFO  [DatosIniciales] usuario cargado con exito
2024-09-11 12:20:42 INFO  [DatosIniciales] usuario cargado con exito
2024-09-11 12:24:55 INFO  [DatosIniciales] Usuario cargado con éxito
2024-09-11 18:36:32 INFO  [DatosIniciales] Usuario cargado con éxito
2024-09-11 18:36:58 INFO  [DatosIniciales] Usuario cargado con éxito
2024-09-11 18:37:35 INFO  [OdontologoController] Registrando nuevo odontólogo: com.example.clinicaOdontologica.entity.Odontologo@277847fd
2024-09-11 18:37:35 INFO  [OdontologoController] Odontólogo registrado con éxito: com.example.clinicaOdontologica.entity.Odontologo@277847fd
2024-09-11 18:37:46 INFO  [OdontologoController] Buscando todos los odontólogos.
2024-09-11 18:37:46 INFO  [OdontologoController] Se encontraron 1 odontólogos.
2024-09-11 18:37:57 INFO  [OdontologoController] Buscando todos los odontólogos.
2024-09-11 18:37:57 INFO  [OdontologoController] Se encontraron 1 odontólogos.
2024-09-11 18:57:54 INFO  [DatosIniciales] Usuario cargado con éxito
2024-09-11 19:05:46 INFO  [DatosIniciales] Usuario cargado con éxito
2024-09-11 19:06:19 INFO  [TurnoController] Buscando todos los turnos.
2024-09-11 19:06:19 INFO  [TurnoController] Se encontraron 0 turnos.
2024-09-11 19:14:52 INFO  [DatosIniciales] Usuario cargado con éxito
2024-09-11 19:15:21 INFO  [TurnoController] Buscando todos los turnos.
2024-09-11 19:15:21 INFO  [TurnoController] Se encontraron 0 turnos.
2024-09-11 19:15:48 INFO  [TurnoController] Buscando todos los turnos.
2024-09-11 19:15:48 INFO  [TurnoController] Se encontraron 0 turnos.
2024-09-11 19:16:25 INFO  [DatosIniciales] Usuario cargado con éxito
2024-09-11 19:16:43 INFO  [OdontologoController] Buscando todos los odontólogos.
2024-09-11 19:16:43 INFO  [OdontologoController] Se encontraron 0 odontólogos.
2024-09-12 12:27:35 INFO  [DatosIniciales] Usuario cargado con éxito
2024-09-12 12:30:09 INFO  [OdontologoController] Registrando nuevo odontólogo: com.example.clinicaOdontologica.entity.Odontologo@159fc203
2024-09-12 12:30:09 INFO  [OdontologoController] Odontólogo registrado con éxito: com.example.clinicaOdontologica.entity.Odontologo@159fc203
2024-09-12 12:30:18 INFO  [OdontologoController] Buscando todos los odontólogos.
2024-09-12 12:30:18 INFO  [OdontologoController] Se encontraron 1 odontólogos.
2024-09-12 12:49:07 INFO  [DatosIniciales] Usuario cargado con éxito
2024-09-12 12:51:14 INFO  [OdontologoController] Registrando nuevo odontólogo: com.example.clinicaOdontologica.entity.Odontologo@17914c2
2024-09-12 12:51:14 INFO  [OdontologoController] Odontólogo registrado con éxito: com.example.clinicaOdontologica.entity.Odontologo@17914c2
2024-09-12 12:51:27 INFO  [OdontologoController] Buscando todos los odontólogos.
2024-09-12 12:51:27 INFO  [OdontologoController] Se encontraron 1 odontólogos.
2024-09-12 12:51:41 INFO  [TurnoController] Registrando nuevo turno para Paciente ID 1 y Odontólogo ID 1
2024-09-12 12:51:41 INFO  [TurnoController] Turno registrado con éxito:com.example.clinicaOdontologica.entity.Turno@470f427
2024-09-12 12:51:54 INFO  [TurnoController] Buscando todos los turnos.
2024-09-12 12:51:54 INFO  [TurnoController] Se encontraron 1 turnos.
2024-09-12 20:21:37 INFO  [DatosIniciales] Usuario cargado con éxito
